<?xml version="1.0" encoding="UTF-8"?>
<!-- Generated by org.testng.reporters.JUnitReportReporter -->
<testsuite hostname="LAPTOP-4FN0AGO1" failures="0" tests="1" name="POMPractice.NaaptolLoginExecutionPage" time="53.948" errors="0" timestamp="2023-03-16T13:25:40 IST" skipped="0">
  <testcase classname="POMPractice.NaaptolLoginExecutionPage" name="userEnterValidateMobilenumber" time="53.948"/>
  <system-out/>
</testsuite> <!-- POMPractice.NaaptolLoginExecutionPage -->
