<?xml version="1.0" encoding="UTF-8"?>
<!-- Generated by org.testng.reporters.JUnitReportReporter -->
<testsuite hostname="LAPTOP-4FN0AGO1" failures="0" tests="6" name="TestNGAll.PrioritySet" time="1.032" errors="1" timestamp="2023-03-14T09:49:16 IST" skipped="1">
  <testcase classname="TestNGAll.PrioritySet" name="sample2" time="0.001"/>
  <system-out/>
  <testcase classname="TestNGAll.PrioritySet" name="sample4" time="1.026">
    <error message="Method TestNGAll.PrioritySet.sample4() didn&#039;t finish within the time-out 1000" type="org.testng.internal.thread.ThreadTimeoutException">
      <![CDATA[org.testng.internal.thread.ThreadTimeoutException: Method TestNGAll.PrioritySet.sample4() didn't finish within the time-out 1000
at java.base@17.0.5/java.lang.Thread.sleep(Native Method)
at app//TestNGAll.PrioritySet.sample4(PrioritySet.java:26)
at java.base@17.0.5/jdk.internal.reflect.NativeMethodAccessorImpl.invoke0(Native Method)
at java.base@17.0.5/jdk.internal.reflect.NativeMethodAccessorImpl.invoke(NativeMethodAccessorImpl.java:77)
at java.base@17.0.5/jdk.internal.reflect.DelegatingMethodAccessorImpl.invoke(DelegatingMethodAccessorImpl.java:43)
at java.base@17.0.5/java.lang.reflect.Method.invoke(Method.java:568)
at app//org.testng.internal.invokers.MethodInvocationHelper.invokeMethod(MethodInvocationHelper.java:139)
at app//org.testng.internal.invokers.InvokeMethodRunnable.runOne(InvokeMethodRunnable.java:47)
at app//org.testng.internal.invokers.InvokeMethodRunnable.call(InvokeMethodRunnable.java:76)
at app//org.testng.internal.invokers.InvokeMethodRunnable.call(InvokeMethodRunnable.java:11)
at java.base@17.0.5/java.util.concurrent.FutureTask.run(FutureTask.java:264)
at java.base@17.0.5/java.util.concurrent.ThreadPoolExecutor.runWorker(ThreadPoolExecutor.java:1136)
at java.base@17.0.5/java.util.concurrent.ThreadPoolExecutor$Worker.run(ThreadPoolExecutor.java:635)
at java.base@17.0.5/java.lang.Thread.run(Thread.java:833)
]]>
    </error>
  </testcase> <!-- sample4 -->
  <system-out/>
  <testcase classname="TestNGAll.PrioritySet" name="sample" time="0.001"/>
  <system-out/>
  <testcase classname="TestNGAll.PrioritySet" name="sample1" time="0.002"/>
  <system-out/>
  <testcase classname="TestNGAll.PrioritySet" name="sample1" time="0.002"/>
  <system-out/>
  <testcase classname="TestNGAll.PrioritySet" name="sample3">
    <skipped/>
  </testcase> <!-- sample3 -->
  <system-out/>
</testsuite> <!-- TestNGAll.PrioritySet -->
