<?xml version="1.0" encoding="UTF-8"?>
<!-- Generated by org.testng.reporters.JUnitReportReporter -->
<testsuite hostname="LAPTOP-4FN0AGO1" failures="0" tests="2" name="TestNGAll.TestNgAnotation" time="0.009" errors="0" timestamp="2023-03-16T13:25:41 IST" skipped="0">
  <testcase classname="TestNGAll.TestNgAnotation" name="test1" time="0.009"/>
  <system-out/>
  <testcase classname="TestNGAll.TestNgAnotation" name="test2" time="0.000"/>
  <system-out/>
</testsuite> <!-- TestNGAll.TestNgAnotation -->
