<?xml version="1.0" encoding="UTF-8"?>
<!-- Generated by org.testng.reporters.JUnitReportReporter -->
<testsuite hostname="LAPTOP-4FN0AGO1" failures="0" tests="1" name="TestNGAll.GroupByTestNGAnotation" time="0.000" errors="0" timestamp="2023-03-16T13:25:41 IST" skipped="0">
  <testcase classname="TestNGAll.GroupByTestNGAnotation" name="setPriority" time="0.000"/>
  <system-out/>
</testsuite> <!-- TestNGAll.GroupByTestNGAnotation -->
